# JRE version: Java(TM) SE Runtime Environment (9.0+11) (build 9.0.1+11)
# Java VM: Java HotSpot(TM) 64-Bit Server VM (9.0.1+11, mixed mode, tiered, compressed oops, g1 gc, bsd-amd64)
Heap:
 garbage-first heap   total 157696K, used 76829K [0x0000000740000000, 0x00000007401004d0, 0x00000007c0000000)
  region size 1024K, 52 young (53248K), 8 survivors (8192K)
 Metaspace       used 11134K, capacity 11485K, committed 11648K, reserved 1060864K
  class space    used 958K, capacity 1048K, committed 1152K, reserved 1048576K
GC Heap History (10 events):
Event: 1.329 GC heap before
{Heap before GC invocations=2 (full 0):
 garbage-first heap   total 131072K, used 34463K [0x0000000740000000, 0x0000000740100400, 0x00000007c0000000)
  region size 1024K, 30 young (30720K), 1 survivors (1024K)
 Metaspace       used 10890K, capacity 11229K, committed 11392K, reserved 1058816K
  class space    used 950K, capacity 1048K, committed 1152K, reserved 1048576K
}
Event: 1.335 GC heap after
{Heap after GC invocations=3 (full 0):
 garbage-first heap   total 131072K, used 5968K [0x0000000740000000, 0x0000000740100400, 0x00000007c0000000)
  region size 1024K, 2 young (2048K), 2 survivors (2048K)
 Metaspace       used 10890K, capacity 11229K, committed 11392K, reserved 1058816K
  class space    used 950K, capacity 1048K, committed 1152K, reserved 1048576K
}
Event: 1.483 GC heap before
{Heap before GC invocations=3 (full 0):
 garbage-first heap   total 131072K, used 71504K [0x0000000740000000, 0x0000000740100400, 0x00000007c0000000)
  region size 1024K, 66 young (67584K), 2 survivors (2048K)
 Metaspace       used 10918K, capacity 11293K, committed 11648K, reserved 1060864K
  class space    used 950K, capacity 1048K, committed 1152K, reserved 1048576K
}
Event: 1.490 GC heap after
{Heap after GC invocations=4 (full 0):
 garbage-first heap   total 131072K, used 8911K [0x0000000740000000, 0x0000000740100400, 0x00000007c0000000)
  region size 1024K, 5 young (5120K), 5 survivors (5120K)
 Metaspace       used 10918K, capacity 11293K, committed 11648K, reserved 1060864K
  class space    used 950K, capacity 1048K, committed 1152K, reserved 1048576K
}
Event: 1.614 GC heap before
{Heap before GC invocations=4 (full 0):
 garbage-first heap   total 131072K, used 83663K [0x0000000740000000, 0x0000000740100400, 0x00000007c0000000)
  region size 1024K, 76 young (77824K), 5 survivors (5120K)
 Metaspace       used 10918K, capacity 11293K, committed 11648K, reserved 1060864K
  class space    used 950K, capacity 1048K, committed 1152K, reserved 1048576K
}
Event: 1.638 GC heap after
{Heap after GC invocations=5 (full 0):
 garbage-first heap   total 157696K, used 14783K [0x0000000740000000, 0x00000007401004d0, 0x00000007c0000000)
  region size 1024K, 9 young (9216K), 9 survivors (9216K)
 Metaspace       used 10918K, capacity 11293K, committed 11648K, reserved 1060864K
  class space    used 950K, capacity 1048K, committed 1152K, reserved 1048576K
}
Event: 1.733 GC heap before
{Heap before GC invocations=5 (full 0):
 garbage-first heap   total 157696K, used 102847K [0x0000000740000000, 0x00000007401004d0, 0x00000007c0000000)
  region size 1024K, 92 young (94208K), 9 survivors (9216K)
 Metaspace       used 10921K, capacity 11293K, committed 11648K, reserved 1060864K
  class space    used 950K, capacity 1048K, committed 1152K, reserved 1048576K
}
Event: 1.766 GC heap after
{Heap after GC invocations=6 (full 0):
 garbage-first heap   total 157696K, used 22422K [0x0000000740000000, 0x00000007401004d0, 0x00000007c0000000)
  region size 1024K, 9 young (9216K), 9 survivors (9216K)
 Metaspace       used 10921K, capacity 11293K, committed 11648K, reserved 1060864K
  class space    used 950K, capacity 1048K, committed 1152K, reserved 1048576K
}
Event: 1.852 GC heap before
{Heap before GC invocations=6 (full 0):
 garbage-first heap   total 157696K, used 109462K [0x0000000740000000, 0x00000007401004d0, 0x00000007c0000000)
  region size 1024K, 92 young (94208K), 9 survivors (9216K)
 Metaspace       used 10921K, capacity 11293K, committed 11648K, reserved 1060864K
  class space    used 950K, capacity 1048K, committed 1152K, reserved 1048576K
}
Event: 1.887 GC heap after
{Heap after GC invocations=7 (full 0):
 garbage-first heap   total 157696K, used 27677K [0x0000000740000000, 0x00000007401004d0, 0x00000007c0000000)
  region size 1024K, 8 young (8192K), 8 survivors (8192K)
 Metaspace       used 10921K, capacity 11293K, committed 11648K, reserved 1060864K
  class space    used 950K, capacity 1048K, committed 1152K, reserved 1048576K
}

